# ----------------------------------------------------------------------
# list
# ----------------------------------------------------------------------
Name                    State             IPv4             Image
e516                    Running           10.120.171.98    Ubuntu 19.10


# ----------------------------------------------------------------------
# start e516
# ----------------------------------------------------------------------


# ----------------------------------------------------------------------
# list
# ----------------------------------------------------------------------
Name                    State             IPv4             Image
e516                    Running           10.120.171.98    Ubuntu 19.10


# ----------------------------------------------------------------------
# run e516 uname -r
# ----------------------------------------------------------------------
5.3.0-26-generic


# ----------------------------------------------------------------------
# images list
# ----------------------------------------------------------------------
Image                   Aliases           Version          Description
snapcraft:core          core16            20200115         Snapcraft builder for Core 16
snapcraft:core18                          20200115         Snapcraft builder for Core 18
core                    core16            20190806         Ubuntu Core 16
core18                                    20190806         Ubuntu Core 18
16.04                   xenial            20200108         Ubuntu 16.04 LTS
18.04                   bionic,lts        20200107         Ubuntu 18.04 LTS
19.10                   eoan              20200107         Ubuntu 19.10
daily:20.04             devel,focal       20200126         Ubuntu 20.04 LTS


# ----------------------------------------------------------------------
# delete e516
# ----------------------------------------------------------------------


# ----------------------------------------------------------------------
# list
# ----------------------------------------------------------------------
No instances found.